<?xml version="1.0" encoding="UTF-8"?>
<!-- Generated by org.testng.reporters.JUnitReportReporter -->
<testsuite hostname="wkssuresh" name="POC.econsys.Production_RegularTest" tests="2" failures="0" timestamp="30 Jun 2017 06:19:04 GMT" time="44.760" errors="0">
  <testcase name="rtq_Submit" time="20.466" classname="POC.econsys.Production_RegularTest"/>
  <testcase name="assign_Sales_Leader" time="24.294" classname="POC.econsys.Production_RegularTest"/>
</testsuite> <!-- POC.econsys.Production_RegularTest -->
