<?xml version="1.0" encoding="UTF-8" ?>
<testsuite failures="1" time="0.465" errors="0" skipped="0" tests="2" name="TestSuite">
  <properties>
[...]
</properties>
  <testcase time="0.082" classname="com.econsys.Projects.cp1_cp9flowTest" name="test1">
    <failure message="org/testng/asserts/SoftAssert" type="java.lang.NoClassDefFoundError">java.lang.NoClassDefFoundError: org/testng/asserts/SoftAssert
	at com.econsys.Projects.Basic.&lt;init&gt;(Basic.java:42)
	at com.econsys.Projects.TasksCP4toCP5.&lt;clinit&gt;(TasksCP4toCP5.java:34)
	at com.econsys.Projects.Basic.&lt;clinit&gt;(Basic.java:39)
	at com.econsys.Projects.ReviewInvolve.&lt;clinit&gt;(ReviewInvolve.java:21)
	at com.econsys.Projects.Monorail.&lt;clinit&gt;(Monorail.java:35)
	at com.econsys.Projects.cp1_cp9flowTest.test1(cp1_cp9flowTest.java:17)
Caused by: java.lang.ClassNotFoundException: org.testng.asserts.SoftAssert
	at java.net.URLClassLoader$1.run(Unknown Source)
	at java.net.URLClassLoader$1.run(Unknown Source)
	at java.security.AccessController.doPrivileged(Native Method)
	at java.net.URLClassLoader.findClass(Unknown Source)
	at java.lang.ClassLoader.loadClass(Unknown Source)
	at sun.misc.Launcher$AppClassLoader.loadClass(Unknown Source)
	at java.lang.ClassLoader.loadClass(Unknown Source)
	... 40 more
</failure>
    <system-out>Configuring TestNG with: org.apache.maven.surefire.testng.conf.TestNGMapConfigurator@5b83d60d
2016-06-23 14:53:54 INFO  superTestNG:27 - This is before test script....

[START] Thread Id : 1 is started!</system-out>
  </testcase>
  <testcase time="0.383" classname="POC.Econsys_Auto.AppTest" name="testApp on instance testApp(POC.Econsys_Auto.AppTest)"/>
</testsuite>