<?xml version="1.0" encoding="UTF-8"?>
<!-- Generated by org.testng.reporters.JUnitXMLReporter -->
<testsuite hostname="wksbhanu" name="Monorail_admin" tests="2" failures="1" timestamp="21 Sep 2015 15:14:21 GMT" time="121.506" errors="0">
  <testcase name="user" time="0.0" classname="adminpage.Login">
    <skipped/>
  </testcase> <!-- user -->
  <testcase name="main" time="121.397" classname="adminpage.Monorail">
    <failure type="org.openqa.selenium.UnhandledAlertException" message="Unexpected modal dialog (text: Please fix the errors on the page): Please fix the errors on the page
Build info: version: &amp;apos;2.45.0&amp;apos;, revision: &amp;apos;32a636c&amp;apos;, time: &amp;apos;2015-03-05 22:01:35&amp;apos;
System info: host: &amp;apos;wksbhanu&amp;apos;, ip: &amp;apos;10.0.0.216&amp;apos;, os.name: &amp;apos;Windows NT (unknown)&amp;apos;, os.arch: &amp;apos;x86&amp;apos;, os.version: &amp;apos;6.2&amp;apos;, java.version: &amp;apos;1.6.0_20&amp;apos;
Session ID: c70b6d85-69ff-4ac1-bf34-7b0412df05cd
Driver info: org.openqa.selenium.firefox.FirefoxDriver
Capabilities [{platform=WINDOWS, acceptSslCerts=true, javascriptEnabled=true, browserName=firefox, rotatable=false, locationContextEnabled=true, version=40.0.3, cssSelectorsEnabled=true, databaseEnabled=true, handlesAlerts=true, nativeEvents=false, webStorageEnabled=true, applicationCacheEnabled=true, takesScreenshot=true}]">
      <![CDATA[org.openqa.selenium.UnhandledAlertException: Unexpected modal dialog (text: Please fix the errors on the page): Please fix the errors on the page
Build info: version: '2.45.0', revision: '32a636c', time: '2015-03-05 22:01:35'
System info: host: 'wksbhanu', ip: '10.0.0.216', os.name: 'Windows NT (unknown)', os.arch: 'x86', os.version: '6.2', java.version: '1.6.0_20'
Session ID: c70b6d85-69ff-4ac1-bf34-7b0412df05cd
Driver info: org.openqa.selenium.firefox.FirefoxDriver
Capabilities [{platform=WINDOWS, acceptSslCerts=true, javascriptEnabled=true, browserName=firefox, rotatable=false, locationContextEnabled=true, version=40.0.3, cssSelectorsEnabled=true, databaseEnabled=true, handlesAlerts=true, nativeEvents=false, webStorageEnabled=true, applicationCacheEnabled=true, takesScreenshot=true}]
	at org.openqa.selenium.remote.ErrorHandler.createThrowable(ErrorHandler.java:204)
	at org.openqa.selenium.remote.ErrorHandler.createUnhandledAlertException(ErrorHandler.java:185)
	at org.openqa.selenium.remote.ErrorHandler.throwIfResponseFailed(ErrorHandler.java:152)
	at org.openqa.selenium.remote.RemoteWebDriver.execute(RemoteWebDriver.java:599)
	at org.openqa.selenium.firefox.FirefoxDriver.access$0(FirefoxDriver.java:1)
	at org.openqa.selenium.firefox.FirefoxDriver$1$1.implicitlyWait(FirefoxDriver.java:219)
	at com.monorail.Genriclibrery.CommonUtils.waitForPageToLoad(CommonUtils.java:24)
	at adminpage.Monorail.projectname(Monorail.java:116)
	at adminpage.Monorail.statusQuotesubmitandresubmit(Monorail.java:314)
	at adminpage.Monorail.main(Monorail.java:90)
... Removed 28 stack frames]]>
    </failure>
  </testcase> <!-- main -->
</testsuite> <!-- Monorail_admin -->
