<?xml version="1.0" encoding="UTF-8"?>
<!-- Generated by org.testng.reporters.JUnitReportReporter -->
<testsuite hostname="wkssuresh" name="com.econsys.Projects.Production_RegularTest" tests="3" failures="0" timestamp="5 Aug 2016 05:28:05 GMT" time="99.296" errors="0">
  <testcase name="GTM_Login" time="40.293" classname="com.econsys.Projects.Production_RegularTest"/>
  <testcase name="assign_Sales_Leader" time="20.644" classname="com.econsys.Projects.Production_RegularTest"/>
  <testcase name="rtq_Submit" time="38.359" classname="com.econsys.Projects.Production_RegularTest"/>
</testsuite> <!-- com.econsys.Projects.Production_RegularTest -->
