<?xml version="1.0" encoding="UTF-8"?>
<testng-results skipped="0" failed="1" total="1" passed="0">
  <reporter-output>
  </reporter-output>
  <suite name="Command line suite" duration-ms="1650" started-at="2016-06-23T14:53:54Z" finished-at="2016-06-23T14:53:56Z">
    <groups>
    </groups>
    <test name="Command line test" duration-ms="1650" started-at="2016-06-23T14:53:54Z" finished-at="2016-06-23T14:53:56Z">
      <class name="com.econsys.Projects.cp1_cp9flowTest">
        <test-method status="PASS" signature="beforeTest()[pri:0, instance:com.econsys.Projects.cp1_cp9flowTest@1d84a6b9]" name="beforeTest" is-config="true" duration-ms="1562" started-at="2016-06-23T14:53:54Z" finished-at="2016-06-23T14:53:56Z">
        </test-method>
        <test-method status="FAIL" signature="test1()[pri:0, instance:com.econsys.Projects.cp1_cp9flowTest@1d84a6b9]" name="test1" duration-ms="79" started-at="2016-06-23T14:53:56Z" finished-at="2016-06-23T14:53:56Z">
          <exception class="java.lang.NoClassDefFoundError">
            <message>
              <![CDATA[org/testng/asserts/SoftAssert]]>
            </message>
            <full-stacktrace>
              <![CDATA[java.lang.NoClassDefFoundError: org/testng/asserts/SoftAssert
	at com.econsys.Projects.Basic.<init>(Basic.java:42)
	at com.econsys.Projects.TasksCP4toCP5.<clinit>(TasksCP4toCP5.java:34)
	at com.econsys.Projects.Basic.<clinit>(Basic.java:39)
	at com.econsys.Projects.ReviewInvolve.<clinit>(ReviewInvolve.java:21)
	at com.econsys.Projects.Monorail.<clinit>(Monorail.java:35)
	at com.econsys.Projects.cp1_cp9flowTest.test1(cp1_cp9flowTest.java:17)
	at sun.reflect.NativeMethodAccessorImpl.invoke0(Native Method)
	at sun.reflect.NativeMethodAccessorImpl.invoke(Unknown Source)
	at sun.reflect.DelegatingMethodAccessorImpl.invoke(Unknown Source)
	at java.lang.reflect.Method.invoke(Unknown Source)
	at org.testng.internal.MethodInvocationHelper.invokeMethod(MethodInvocationHelper.java:80)
	at org.testng.internal.Invoker.invokeMethod(Invoker.java:691)
	at org.testng.internal.Invoker.invokeTestMethod(Invoker.java:883)
	at org.testng.internal.Invoker.invokeTestMethods(Invoker.java:1208)
	at org.testng.internal.TestMethodWorker.invokeTestMethods(TestMethodWorker.java:127)
	at org.testng.internal.TestMethodWorker.run(TestMethodWorker.java:111)
	at org.testng.TestRunner.privateRun(TestRunner.java:758)
	at org.testng.TestRunner.run(TestRunner.java:613)
	at org.testng.SuiteRunner.runTest(SuiteRunner.java:334)
	at org.testng.SuiteRunner.runSequentially(SuiteRunner.java:329)
	at org.testng.SuiteRunner.privateRun(SuiteRunner.java:291)
	at org.testng.SuiteRunner.run(SuiteRunner.java:240)
	at org.testng.SuiteRunnerWorker.runSuite(SuiteRunnerWorker.java:53)
	at org.testng.SuiteRunnerWorker.run(SuiteRunnerWorker.java:87)
	at org.testng.TestNG.runSuitesSequentially(TestNG.java:1137)
	at org.testng.TestNG.runSuitesLocally(TestNG.java:1062)
	at org.testng.TestNG.run(TestNG.java:974)
	at org.apache.maven.surefire.testng.TestNGExecutor.run(TestNGExecutor.java:77)
	at org.apache.maven.surefire.testng.TestNGDirectoryTestSuite.executeMulti(TestNGDirectoryTestSuite.java:159)
	at org.apache.maven.surefire.testng.TestNGDirectoryTestSuite.execute(TestNGDirectoryTestSuite.java:99)
	at org.apache.maven.surefire.testng.TestNGProvider.invoke(TestNGProvider.java:106)
	at sun.reflect.NativeMethodAccessorImpl.invoke0(Native Method)
	at sun.reflect.NativeMethodAccessorImpl.invoke(Unknown Source)
	at sun.reflect.DelegatingMethodAccessorImpl.invoke(Unknown Source)
	at java.lang.reflect.Method.invoke(Unknown Source)
	at org.apache.maven.surefire.util.ReflectionUtils.invokeMethodWithArray(ReflectionUtils.java:189)
	at org.apache.maven.surefire.booter.ProviderFactory$ProviderProxy.invoke(ProviderFactory.java:165)
	at org.apache.maven.surefire.booter.ProviderFactory.invokeProvider(ProviderFactory.java:85)
	at org.apache.maven.surefire.booter.ForkedBooter.runSuitesInProcess(ForkedBooter.java:115)
	at org.apache.maven.surefire.booter.ForkedBooter.main(ForkedBooter.java:75)
Caused by: java.lang.ClassNotFoundException: org.testng.asserts.SoftAssert
	at java.net.URLClassLoader$1.run(Unknown Source)
	at java.net.URLClassLoader$1.run(Unknown Source)
	at java.security.AccessController.doPrivileged(Native Method)
	at java.net.URLClassLoader.findClass(Unknown Source)
	at java.lang.ClassLoader.loadClass(Unknown Source)
	at sun.misc.Launcher$AppClassLoader.loadClass(Unknown Source)
	at java.lang.ClassLoader.loadClass(Unknown Source)
	... 40 more
]]>
            </full-stacktrace>
          </exception>
        </test-method>
        <test-method status="PASS" signature="afterTest()[pri:0, instance:com.econsys.Projects.cp1_cp9flowTest@1d84a6b9]" name="afterTest" is-config="true" duration-ms="0" started-at="2016-06-23T14:53:56Z" finished-at="2016-06-23T14:53:56Z">
        </test-method>
      </class>
    </test>
  </suite>
</testng-results>
