<?xml version="1.0" encoding="UTF-8"?>
<!-- Generated by org.testng.reporters.JUnitXMLReporter -->
<testsuite hostname="wkssuresh" name="Econsys_Auto" tests="1" failures="1" timestamp="22 Mar 2017 06:31:47 GMT" time="9.662" errors="0">
  <testcase name="reject_DonotPro_CP4" time="7.68" classname="com.econsys.testCases.ActionButtonsCPApprovalsProjects">
    <failure type="org.openqa.selenium.WebDriverException" message="unknown error: Element &amp;lt;a class=&amp;quot;openLabel&amp;quot; onclick=&amp;quot;veiwTasks(5184)&amp;quot; href=&amp;quot;#&amp;quot;&amp;gt;...&amp;lt;/a&amp;gt; is not clickable at point (327, 378). Other element would receive the click: &amp;lt;td role=&amp;quot;gridcell&amp;quot; style=&amp;quot;&amp;quot; aria-describedby=&amp;quot;staticGrid_taskName&amp;quot; title=&amp;quot;Customer Commitment Acceptance Sales&amp;quot; data-content=&amp;quot;Task Name&amp;quot;&amp;gt;...&amp;lt;/td&amp;gt;
  (Session info: chrome=56.0.2924.87)
  (Driver info: chromedriver=2.27.440174 (e97a722caafc2d3a8b807ee115bfb307f7d2cfd9),platform=Windows NT 10.0.10240 x86_64) (WARNING: The server did not provide any stacktrace information)
Command duration or timeout: 65 milliseconds
Build info: version: &amp;apos;3.0.1&amp;apos;, revision: &amp;apos;1969d75&amp;apos;, time: &amp;apos;2016-10-18 09:49:13 -0700&amp;apos;
System info: host: &amp;apos;wkssuresh&amp;apos;, ip: &amp;apos;10.0.0.229&amp;apos;, os.name: &amp;apos;Windows 10&amp;apos;, os.arch: &amp;apos;amd64&amp;apos;, os.version: &amp;apos;10.0&amp;apos;, java.version: &amp;apos;1.8.0_112&amp;apos;
Driver info: org.openqa.selenium.chrome.ChromeDriver
Capabilities [{applicationCacheEnabled=false, rotatable=false, mobileEmulationEnabled=false, networkConnectionEnabled=false, chrome={chromedriverVersion=2.27.440174 (e97a722caafc2d3a8b807ee115bfb307f7d2cfd9), userDataDir=C:\Users\bhanu.pk\AppData\Local\Temp\scoped_dir2220_26874}, takesHeapSnapshot=true, pageLoadStrategy=normal, databaseEnabled=false, handlesAlerts=true, hasTouchScreen=false, version=56.0.2924.87, platform=XP, browserConnectionEnabled=false, nativeEvents=true, acceptSslCerts=true, locationContextEnabled=true, webStorageEnabled=true, browserName=chrome, takesScreenshot=true, javascriptEnabled=true, cssSelectorsEnabled=true, unexpectedAlertBehaviour=}]
Session ID: 5708db78413fcc83faddad7db8ae66f4">
      <![CDATA[org.openqa.selenium.WebDriverException: unknown error: Element <a class="openLabel" onclick="veiwTasks(5184)" href="#">...</a> is not clickable at point (327, 378). Other element would receive the click: <td role="gridcell" style="" aria-describedby="staticGrid_taskName" title="Customer Commitment Acceptance Sales" data-content="Task Name">...</td>
  (Session info: chrome=56.0.2924.87)
  (Driver info: chromedriver=2.27.440174 (e97a722caafc2d3a8b807ee115bfb307f7d2cfd9),platform=Windows NT 10.0.10240 x86_64) (WARNING: The server did not provide any stacktrace information)
Command duration or timeout: 65 milliseconds
Build info: version: '3.0.1', revision: '1969d75', time: '2016-10-18 09:49:13 -0700'
System info: host: 'wkssuresh', ip: '10.0.0.229', os.name: 'Windows 10', os.arch: 'amd64', os.version: '10.0', java.version: '1.8.0_112'
Driver info: org.openqa.selenium.chrome.ChromeDriver
Capabilities [{applicationCacheEnabled=false, rotatable=false, mobileEmulationEnabled=false, networkConnectionEnabled=false, chrome={chromedriverVersion=2.27.440174 (e97a722caafc2d3a8b807ee115bfb307f7d2cfd9), userDataDir=C:\Users\bhanu.pk\AppData\Local\Temp\scoped_dir2220_26874}, takesHeapSnapshot=true, pageLoadStrategy=normal, databaseEnabled=false, handlesAlerts=true, hasTouchScreen=false, version=56.0.2924.87, platform=XP, browserConnectionEnabled=false, nativeEvents=true, acceptSslCerts=true, locationContextEnabled=true, webStorageEnabled=true, browserName=chrome, takesScreenshot=true, javascriptEnabled=true, cssSelectorsEnabled=true, unexpectedAlertBehaviour=}]
Session ID: 5708db78413fcc83faddad7db8ae66f4
	at org.openqa.selenium.remote.ErrorHandler.createThrowable(ErrorHandler.java:216)
	at org.openqa.selenium.remote.ErrorHandler.throwIfResponseFailed(ErrorHandler.java:168)
	at org.openqa.selenium.remote.RemoteWebDriver.execute(RemoteWebDriver.java:635)
	at org.openqa.selenium.remote.RemoteWebElement.execute(RemoteWebElement.java:274)
	at org.openqa.selenium.remote.RemoteWebElement.click(RemoteWebElement.java:84)
	at com.econsys.Projects.Basic.projectTaskName(Basic.java:226)
	at com.econsys.Projects.TaskCP3CP4.customercommit(TaskCP3CP4.java:53)
	at com.econsys.testCases.ActionButtonsCPApprovalsSW.submitQuote_CP4(ActionButtonsCPApprovalsSW.java:284)
	at com.econsys.testCases.ActionButtonsCPApprovalsProjects.reject_DonotPro_CP4(ActionButtonsCPApprovalsProjects.java:208)
... Removed 28 stack frames]]>
    </failure>
  </testcase> <!-- reject_DonotPro_CP4 -->
</testsuite> <!-- Econsys_Auto -->
